[15-Oct-2025 18:45:30 UTC] Database connected: anglicankenya on localhost
[15-Oct-2025 18:46:37 UTC] Database connected: anglicankenya on localhost
[15-Oct-2025 18:47:14 UTC] Database connected: anglicankenya on localhost
[15-Oct-2025 18:47:20 UTC] Database connected: anglicankenya on localhost
[15-Oct-2025 18:47:28 UTC] Database connected: anglicankenya on localhost
[15-Oct-2025 18:47:28 UTC] PHP Deprecated:  Constant FILTER_SANITIZE_STRING is deprecated in C:\wamp64\www\anglicankenya\includes\security.php on line 291
[15-Oct-2025 18:47:28 UTC] Activity logging failed: SQLSTATE[42S02]: Base table or view not found: 1146 Table 'anglicankenya.system_audit_log' doesn't exist
[15-Oct-2025 18:47:35 UTC] Database connected: anglicankenya on localhost
[15-Oct-2025 18:49:49 UTC] Database connected: anglicankenya on localhost
[15-Oct-2025 18:49:52 UTC] Database connected: anglicankenya on localhost
[15-Oct-2025 18:49:54 UTC] Database connected: anglicankenya on localhost
[15-Oct-2025 18:49:59 UTC] Database connected: anglicankenya on localhost
[15-Oct-2025 18:50:00 UTC] Database connected: anglicankenya on localhost
[15-Oct-2025 18:50:50 UTC] Database connected: anglicankenya on localhost
[15-Oct-2025 18:50:51 UTC] Database connected: anglicankenya on localhost
[15-Oct-2025 18:50:53 UTC] Database connected: anglicankenya on localhost
[15-Oct-2025 18:56:56 UTC] Database connected: anglicankenya on localhost
[15-Oct-2025 18:56:57 UTC] Database connected: anglicankenya on localhost
[15-Oct-2025 18:56:58 UTC] Database connected: anglicankenya on localhost
[15-Oct-2025 18:58:29 UTC] Database connected: anglicankenya on localhost
[15-Oct-2025 18:58:31 UTC] Database connected: anglicankenya on localhost
[15-Oct-2025 18:58:33 UTC] Database connected: anglicankenya on localhost
[15-Oct-2025 18:58:35 UTC] Database connected: anglicankenya on localhost
[15-Oct-2025 18:59:20 UTC] Database connected: anglicankenya on localhost
[15-Oct-2025 18:59:59 UTC] Database connected: anglicankenya on localhost
[15-Oct-2025 19:00:04 UTC] Database connected: anglicankenya on localhost
[15-Oct-2025 19:00:04 UTC] PHP Deprecated:  Constant FILTER_SANITIZE_STRING is deprecated in C:\wamp64\www\anglicankenya\includes\security.php on line 291
[15-Oct-2025 19:00:04 UTC] Activity logging failed: SQLSTATE[42S02]: Base table or view not found: 1146 Table 'anglicankenya.system_audit_log' doesn't exist
[15-Oct-2025 21:34:21 UTC] Database connected: anglicankenya on localhost
[15-Oct-2025 21:34:34 UTC] Database connected: anglicankenya on localhost
[15-Oct-2025 21:35:55 UTC] Database connected: anglicankenya on localhost
[15-Oct-2025 21:36:07 UTC] Database connected: anglicankenya on localhost
[15-Oct-2025 21:36:07 UTC] PHP Deprecated:  Constant FILTER_SANITIZE_STRING is deprecated in C:\wamp64\www\anglicankenya\includes\security.php on line 291
[15-Oct-2025 21:36:07 UTC] Activity logging failed: SQLSTATE[42S02]: Base table or view not found: 1146 Table 'anglicankenya.system_audit_log' doesn't exist
[15-Oct-2025 22:37:18 UTC] Database connected: anglicankenya on localhost
[15-Oct-2025 22:37:23 UTC] Database connected: anglicankenya on localhost
[15-Oct-2025 22:37:23 UTC] PHP Deprecated:  Constant FILTER_SANITIZE_STRING is deprecated in C:\wamp64\www\anglicankenya\includes\security.php on line 291
[15-Oct-2025 22:37:23 UTC] Activity logging failed: SQLSTATE[42S02]: Base table or view not found: 1146 Table 'anglicankenya.system_audit_log' doesn't exist
[15-Oct-2025 23:21:33 UTC] Database connected: anglicankenya on localhost
[15-Oct-2025 23:21:42 UTC] Database connected: anglicankenya on localhost
[15-Oct-2025 23:21:43 UTC] PHP Deprecated:  Constant FILTER_SANITIZE_STRING is deprecated in C:\wamp64\www\anglicankenya\includes\security.php on line 291
[15-Oct-2025 23:21:43 UTC] Activity logging failed: SQLSTATE[42S02]: Base table or view not found: 1146 Table 'anglicankenya.system_audit_log' doesn't exist
[15-Oct-2025 23:52:02 UTC] Database connected: anglicankenya on localhost
[15-Oct-2025 23:52:08 UTC] Database connected: anglicankenya on localhost
[15-Oct-2025 23:52:08 UTC] PHP Deprecated:  Constant FILTER_SANITIZE_STRING is deprecated in C:\wamp64\www\anglicankenya\includes\security.php on line 291
[15-Oct-2025 23:52:08 UTC] Activity logging failed: SQLSTATE[42S02]: Base table or view not found: 1146 Table 'anglicankenya.system_audit_log' doesn't exist
[16-Oct-2025 00:22:57 UTC] Database connected: anglicankenya on localhost
[16-Oct-2025 00:23:04 UTC] Database connected: anglicankenya on localhost
[16-Oct-2025 00:23:04 UTC] PHP Deprecated:  Constant FILTER_SANITIZE_STRING is deprecated in C:\wamp64\www\anglicankenya\includes\security.php on line 291
[16-Oct-2025 00:23:04 UTC] Activity logging failed: SQLSTATE[42S02]: Base table or view not found: 1146 Table 'anglicankenya.system_audit_log' doesn't exist
[16-Oct-2025 01:32:24 UTC] Database connected: anglicankenya on localhost
[16-Oct-2025 01:32:24 UTC] PHP Warning:  Undefined variable $action in C:\wamp64\www\anglicankenya\includes\security.php on line 288
[16-Oct-2025 01:32:24 UTC] PHP Deprecated:  Constant FILTER_SANITIZE_STRING is deprecated in C:\wamp64\www\anglicankenya\includes\security.php on line 288
[16-Oct-2025 01:32:24 UTC] PHP Warning:  Undefined variable $record_id in C:\wamp64\www\anglicankenya\includes\security.php on line 289
[16-Oct-2025 01:32:24 UTC] Activity logging failed: SQLSTATE[42S02]: Base table or view not found: 1146 Table 'anglicankenya.system_audit_log' doesn't exist
[16-Oct-2025 01:32:24 UTC] PHP Warning:  Undefined global variable $_SESSION in C:\wamp64\www\anglicankenya\includes\security.php on line 639
[16-Oct-2025 01:32:24 UTC] PHP Warning:  Trying to access array offset on null in C:\wamp64\www\anglicankenya\includes\security.php on line 639
[16-Oct-2025 01:32:24 UTC] PHP Warning:  Undefined variable $table_name in C:\wamp64\www\anglicankenya\includes\security.php on line 641
[16-Oct-2025 01:32:24 UTC] PHP Warning:  Undefined variable $old_values in C:\wamp64\www\anglicankenya\includes\security.php on line 643
[16-Oct-2025 01:32:24 UTC] PHP Warning:  Undefined variable $new_values in C:\wamp64\www\anglicankenya\includes\security.php on line 644
[16-Oct-2025 01:32:24 UTC] Failed to log activity: SQLSTATE[23000]: Integrity constraint violation: 1048 Column 'user_id' cannot be null
[16-Oct-2025 01:32:32 UTC] Database connected: anglicankenya on localhost
[16-Oct-2025 01:32:32 UTC] PHP Warning:  Undefined variable $action in C:\wamp64\www\anglicankenya\includes\security.php on line 288
[16-Oct-2025 01:32:32 UTC] PHP Deprecated:  Constant FILTER_SANITIZE_STRING is deprecated in C:\wamp64\www\anglicankenya\includes\security.php on line 288
[16-Oct-2025 01:32:32 UTC] PHP Warning:  Undefined variable $record_id in C:\wamp64\www\anglicankenya\includes\security.php on line 289
[16-Oct-2025 01:32:32 UTC] Activity logging failed: SQLSTATE[42S02]: Base table or view not found: 1146 Table 'anglicankenya.system_audit_log' doesn't exist
[16-Oct-2025 01:32:32 UTC] PHP Warning:  Undefined global variable $_SESSION in C:\wamp64\www\anglicankenya\includes\security.php on line 639
[16-Oct-2025 01:32:32 UTC] PHP Warning:  Trying to access array offset on null in C:\wamp64\www\anglicankenya\includes\security.php on line 639
[16-Oct-2025 01:32:32 UTC] PHP Warning:  Undefined variable $table_name in C:\wamp64\www\anglicankenya\includes\security.php on line 641
[16-Oct-2025 01:32:32 UTC] PHP Warning:  Undefined variable $old_values in C:\wamp64\www\anglicankenya\includes\security.php on line 643
[16-Oct-2025 01:32:32 UTC] PHP Warning:  Undefined variable $new_values in C:\wamp64\www\anglicankenya\includes\security.php on line 644
[16-Oct-2025 01:32:32 UTC] Failed to log activity: SQLSTATE[23000]: Integrity constraint violation: 1048 Column 'user_id' cannot be null
[16-Oct-2025 01:32:33 UTC] PHP Deprecated:  Constant FILTER_SANITIZE_STRING is deprecated in C:\wamp64\www\anglicankenya\includes\security.php on line 607
[16-Oct-2025 01:32:33 UTC] Activity logging failed: SQLSTATE[42S02]: Base table or view not found: 1146 Table 'anglicankenya.system_audit_log' doesn't exist
[16-Oct-2025 02:35:06 UTC] Database connected: anglicankenya on localhost
[16-Oct-2025 02:35:06 UTC] PHP Parse error:  syntax error, unexpected token "<", expecting end of file in C:\wamp64\www\anglicankenya\includes\security.php on line 669
[16-Oct-2025 02:35:09 UTC] Database connected: anglicankenya on localhost
[16-Oct-2025 02:35:09 UTC] PHP Parse error:  syntax error, unexpected token "<", expecting end of file in C:\wamp64\www\anglicankenya\includes\security.php on line 669
[16-Oct-2025 02:35:10 UTC] Database connected: anglicankenya on localhost
[16-Oct-2025 02:35:10 UTC] PHP Parse error:  syntax error, unexpected token "<", expecting end of file in C:\wamp64\www\anglicankenya\includes\security.php on line 669
[16-Oct-2025 02:38:04 UTC] Database connected: anglicankenya on localhost
[16-Oct-2025 02:38:04 UTC] PHP Parse error:  syntax error, unexpected token "<", expecting end of file in C:\wamp64\www\anglicankenya\includes\security.php on line 669
[16-Oct-2025 02:39:06 UTC] Database connected: anglicankenya on localhost
[16-Oct-2025 02:39:13 UTC] Database connected: anglicankenya on localhost
[16-Oct-2025 02:39:14 UTC] Activity logging error: SQLSTATE[42S22]: Column not found: 1054 Unknown column 'action_type' in 'field list'
[16-Oct-2025 09:41:59 UTC] Database connected: anglicankenya on localhost
[16-Oct-2025 13:47:47 UTC] Database connected: anglicankenya on localhost
[16-Oct-2025 13:47:53 UTC] Database connected: anglicankenya on localhost
[16-Oct-2025 13:47:54 UTC] Activity logging error: SQLSTATE[42S22]: Column not found: 1054 Unknown column 'action_type' in 'field list'
[16-Oct-2025 14:12:37 UTC] Database connected: anglicankenya on localhost
[16-Oct-2025 14:12:44 UTC] Database connected: anglicankenya on localhost
[16-Oct-2025 14:12:44 UTC] Activity logging error: SQLSTATE[42S22]: Column not found: 1054 Unknown column 'action_type' in 'field list'
[16-Oct-2025 15:42:21 UTC] Database connected: anglicankenya on localhost
[16-Oct-2025 15:42:27 UTC] Database connected: anglicankenya on localhost
[16-Oct-2025 15:42:27 UTC] Activity logging error: SQLSTATE[42S22]: Column not found: 1054 Unknown column 'action_type' in 'field list'
[16-Oct-2025 16:21:38 UTC] Database connected: anglicankenya on localhost
[16-Oct-2025 16:22:12 UTC] Database connected: anglicankenya on localhost
[16-Oct-2025 16:22:16 UTC] Database connected: anglicankenya on localhost
[16-Oct-2025 16:22:17 UTC] Activity logging error: SQLSTATE[42S22]: Column not found: 1054 Unknown column 'action_type' in 'field list'
[16-Oct-2025 16:22:23 UTC] Database connected: anglicankenya on localhost
[16-Oct-2025 16:22:23 UTC] Activity logging error: SQLSTATE[42S22]: Column not found: 1054 Unknown column 'action_type' in 'field list'
[16-Oct-2025 16:50:37 UTC] Database connected: anglicankenya on localhost
[16-Oct-2025 16:50:43 UTC] Database connected: anglicankenya on localhost
[16-Oct-2025 16:50:44 UTC] Activity logging error: SQLSTATE[42S22]: Column not found: 1054 Unknown column 'action_type' in 'field list'
[16-Oct-2025 17:21:12 UTC] Database connected: anglicankenya on localhost
[16-Oct-2025 17:21:19 UTC] Database connected: anglicankenya on localhost
[16-Oct-2025 17:21:20 UTC] Activity logging error: SQLSTATE[42S22]: Column not found: 1054 Unknown column 'action_type' in 'field list'
[16-Oct-2025 17:26:39 UTC] Database connected: anglicankenya on localhost
[16-Oct-2025 18:44:24 UTC] Database connected: anglicankenya on localhost
[16-Oct-2025 19:02:00 UTC] Database connected: anglicankenya on localhost
[16-Oct-2025 19:02:00 UTC] Database connected: anglicankenya on localhost
[16-Oct-2025 19:02:08 UTC] Database connected: anglicankenya on localhost
[16-Oct-2025 19:02:09 UTC] Activity logging error: SQLSTATE[42S22]: Column not found: 1054 Unknown column 'action_type' in 'field list'
[16-Oct-2025 19:32:37 UTC] Database connected: anglicankenya on localhost
[16-Oct-2025 19:32:44 UTC] Database connected: anglicankenya on localhost
[16-Oct-2025 19:32:45 UTC] Activity logging error: SQLSTATE[42S22]: Column not found: 1054 Unknown column 'action_type' in 'field list'
[16-Oct-2025 20:05:10 UTC] Database connected: anglicankenya on localhost
[16-Oct-2025 20:05:15 UTC] Database connected: anglicankenya on localhost
[16-Oct-2025 20:05:16 UTC] Activity logging error: SQLSTATE[42S22]: Column not found: 1054 Unknown column 'action_type' in 'field list'
[16-Oct-2025 21:33:22 UTC] Database connected: anglicankenya on localhost
[16-Oct-2025 21:33:27 UTC] Database connected: anglicankenya on localhost
[16-Oct-2025 21:33:28 UTC] Activity logging error: SQLSTATE[42S22]: Column not found: 1054 Unknown column 'action_type' in 'field list'
[17-Oct-2025 10:49:42 UTC] Database connected: anglicankenya on localhost
[17-Oct-2025 10:50:05 UTC] Database connected: anglicankenya on localhost
[17-Oct-2025 10:50:10 UTC] Database connected: anglicankenya on localhost
[17-Oct-2025 10:50:11 UTC] Activity logging error: SQLSTATE[42S22]: Column not found: 1054 Unknown column 'action_type' in 'field list'
[17-Oct-2025 11:25:50 UTC] Database connected: anglicankenya on localhost
[17-Oct-2025 11:25:56 UTC] Database connected: anglicankenya on localhost
[17-Oct-2025 11:25:56 UTC] Activity logging error: SQLSTATE[42S22]: Column not found: 1054 Unknown column 'action_type' in 'field list'
[17-Oct-2025 11:55:57 UTC] Database connected: anglicankenya on localhost
[17-Oct-2025 11:56:00 UTC] Database connected: anglicankenya on localhost
[17-Oct-2025 11:56:00 UTC] Activity logging error: SQLSTATE[42S22]: Column not found: 1054 Unknown column 'action_type' in 'field list'
[17-Oct-2025 11:56:05 UTC] Database connected: anglicankenya on localhost
[17-Oct-2025 11:56:05 UTC] Activity logging error: SQLSTATE[42S22]: Column not found: 1054 Unknown column 'action_type' in 'field list'
[17-Oct-2025 12:36:17 UTC] Database connected: anglicankenya on localhost
[17-Oct-2025 12:36:22 UTC] Database connected: anglicankenya on localhost
[17-Oct-2025 12:36:23 UTC] Activity logging error: SQLSTATE[42S22]: Column not found: 1054 Unknown column 'action_type' in 'field list'
[17-Oct-2025 13:07:09 UTC] Database connected: anglicankenya on localhost
[17-Oct-2025 13:07:15 UTC] Database connected: anglicankenya on localhost
[17-Oct-2025 13:07:15 UTC] Activity logging error: SQLSTATE[42S22]: Column not found: 1054 Unknown column 'action_type' in 'field list'
[17-Oct-2025 14:05:20 UTC] Database connected: anglicankenya on localhost
[17-Oct-2025 14:05:26 UTC] Database connected: anglicankenya on localhost
[17-Oct-2025 14:05:26 UTC] Activity logging error: SQLSTATE[42S22]: Column not found: 1054 Unknown column 'action_type' in 'field list'
[17-Oct-2025 15:28:46 UTC] Database connected: anglicankenya on localhost
[17-Oct-2025 15:28:54 UTC] Database connected: anglicankenya on localhost
[17-Oct-2025 15:28:55 UTC] Activity logging error: SQLSTATE[42S22]: Column not found: 1054 Unknown column 'action_type' in 'field list'
[17-Oct-2025 17:26:39 UTC] Database connected: anglicankenya on localhost
[17-Oct-2025 17:26:51 UTC] Database connected: anglicankenya on localhost
[17-Oct-2025 17:26:51 UTC] Activity logging error: SQLSTATE[42S22]: Column not found: 1054 Unknown column 'action_type' in 'field list'
[17-Oct-2025 17:49:57 UTC] Database connected: anglicankenya on localhost
[17-Oct-2025 17:50:02 UTC] Database connected: anglicankenya on localhost
[17-Oct-2025 17:50:03 UTC] Activity logging error: SQLSTATE[42S22]: Column not found: 1054 Unknown column 'action_type' in 'field list'
[17-Oct-2025 18:13:17 UTC] Database connected: anglicankenya on localhost
[17-Oct-2025 18:13:21 UTC] Database connected: anglicankenya on localhost
[17-Oct-2025 18:13:22 UTC] Activity logging error: SQLSTATE[42S22]: Column not found: 1054 Unknown column 'action_type' in 'field list'
[17-Oct-2025 19:47:48 UTC] Database connected: anglicankenya on localhost
[17-Oct-2025 19:47:54 UTC] Database connected: anglicankenya on localhost
[17-Oct-2025 19:47:55 UTC] Activity logging error: SQLSTATE[42S22]: Column not found: 1054 Unknown column 'action_type' in 'field list'
[17-Oct-2025 20:21:45 UTC] Database connected: anglicankenya on localhost
[17-Oct-2025 20:21:50 UTC] Database connected: anglicankenya on localhost
[17-Oct-2025 20:21:51 UTC] Activity logging error: SQLSTATE[42S22]: Column not found: 1054 Unknown column 'action_type' in 'field list'
[17-Oct-2025 21:06:06 UTC] Database connected: anglicankenya on localhost
[17-Oct-2025 22:14:47 UTC] Database connected: anglicankenya on localhost
[17-Oct-2025 22:33:56 UTC] Database connected: anglicankenya on localhost
[18-Oct-2025 00:34:32 UTC] Database connected: anglicankenya on localhost
[18-Oct-2025 00:34:43 UTC] Database connected: anglicankenya on localhost
[18-Oct-2025 00:34:44 UTC] Activity logging error: SQLSTATE[42S22]: Column not found: 1054 Unknown column 'action_type' in 'field list'
[18-Oct-2025 01:15:03 UTC] Database connected: anglicankenya on localhost
[18-Oct-2025 01:15:14 UTC] Database connected: anglicankenya on localhost
[18-Oct-2025 01:15:14 UTC] Activity logging error: SQLSTATE[42S22]: Column not found: 1054 Unknown column 'action_type' in 'field list'
[18-Oct-2025 01:46:42 UTC] Database connected: anglicankenya on localhost
[18-Oct-2025 01:46:52 UTC] Database connected: anglicankenya on localhost
[18-Oct-2025 01:46:52 UTC] Activity logging error: SQLSTATE[42S22]: Column not found: 1054 Unknown column 'action_type' in 'field list'
[18-Oct-2025 02:49:11 UTC] Database connected: anglicankenya on localhost
[18-Oct-2025 02:49:22 UTC] Database connected: anglicankenya on localhost
[18-Oct-2025 02:49:22 UTC] Activity logging error: SQLSTATE[42S22]: Column not found: 1054 Unknown column 'action_type' in 'field list'
[18-Oct-2025 23:19:45 UTC] Database connected: anglicankenya on localhost
[18-Oct-2025 23:19:55 UTC] Database connected: anglicankenya on localhost
[18-Oct-2025 23:19:55 UTC] Activity logging error: SQLSTATE[42S22]: Column not found: 1054 Unknown column 'action_type' in 'field list'
[18-Oct-2025 23:20:09 UTC] Database connected: anglicankenya on localhost
[18-Oct-2025 23:20:09 UTC] Activity logging error: SQLSTATE[42S22]: Column not found: 1054 Unknown column 'action_type' in 'field list'
[18-Oct-2025 23:58:41 UTC] Database connected: anglicankenya on localhost
[18-Oct-2025 23:58:50 UTC] Database connected: anglicankenya on localhost
[18-Oct-2025 23:58:51 UTC] Activity logging error: SQLSTATE[42S22]: Column not found: 1054 Unknown column 'action_type' in 'field list'
[19-Oct-2025 02:55:17 UTC] Database connected: anglicankenya on localhost
[19-Oct-2025 02:55:29 UTC] Database connected: anglicankenya on localhost
[19-Oct-2025 02:55:29 UTC] Activity logging error: SQLSTATE[42S22]: Column not found: 1054 Unknown column 'action_type' in 'field list'
[19-Oct-2025 16:45:11 UTC] Database connected: anglicankenya on localhost
[19-Oct-2025 16:45:21 UTC] Database connected: anglicankenya on localhost
[19-Oct-2025 16:45:21 UTC] Activity logging error: SQLSTATE[42S22]: Column not found: 1054 Unknown column 'action_type' in 'field list'
[19-Oct-2025 16:53:51 UTC] Database connected: anglicankenya on localhost
[19-Oct-2025 16:53:56 UTC] Database connected: anglicankenya on localhost
[19-Oct-2025 16:53:57 UTC] Activity logging error: SQLSTATE[42S22]: Column not found: 1054 Unknown column 'action_type' in 'field list'
[19-Oct-2025 17:01:26 UTC] Database connected: anglicankenya on localhost
[19-Oct-2025 17:01:38 UTC] Database connected: anglicankenya on localhost
[19-Oct-2025 17:01:38 UTC] Activity logging error: SQLSTATE[42S22]: Column not found: 1054 Unknown column 'action_type' in 'field list'
[19-Oct-2025 17:01:47 UTC] Database connected: anglicankenya on localhost
[19-Oct-2025 17:01:47 UTC] Activity logging error: SQLSTATE[42S22]: Column not found: 1054 Unknown column 'action_type' in 'field list'
[19-Oct-2025 17:13:23 UTC] Database connected: anglicankenya on localhost
[19-Oct-2025 17:13:33 UTC] Database connected: anglicankenya on localhost
[19-Oct-2025 17:13:33 UTC] Activity logging error: SQLSTATE[42S22]: Column not found: 1054 Unknown column 'action_type' in 'field list'
[19-Oct-2025 17:13:53 UTC] Database connected: anglicankenya on localhost
[19-Oct-2025 17:13:53 UTC] Activity logging error: SQLSTATE[42S22]: Column not found: 1054 Unknown column 'action_type' in 'field list'
[20-Oct-2025 19:42:07 UTC] Database connected: anglicankenya on localhost
[20-Oct-2025 20:52:01 UTC] Database connected: anglicankenya on localhost
[21-Oct-2025 03:37:53 UTC] Database connected: anglicankenya on localhost
[21-Oct-2025 03:38:02 UTC] Database connected: anglicankenya on localhost
[21-Oct-2025 03:38:02 UTC] Activity logging error: SQLSTATE[42S22]: Column not found: 1054 Unknown column 'action_type' in 'field list'
[21-Oct-2025 03:38:13 UTC] Database connected: anglicankenya on localhost
[21-Oct-2025 03:38:14 UTC] Activity logging error: SQLSTATE[42S22]: Column not found: 1054 Unknown column 'action_type' in 'field list'
[22-Oct-2025 00:38:48 UTC] Database connected: anglicankenya on localhost
[22-Oct-2025 00:39:01 UTC] Database connected: anglicankenya on localhost
[22-Oct-2025 00:39:01 UTC] Activity logging error: SQLSTATE[42S22]: Column not found: 1054 Unknown column 'action_type' in 'field list'
[22-Oct-2025 01:13:26 UTC] Database connected: anglicankenya on localhost
[22-Oct-2025 01:19:00 UTC] Database connected: anglicankenya on localhost
[22-Oct-2025 01:19:00 UTC] Activity logging error: SQLSTATE[42S22]: Column not found: 1054 Unknown column 'action_type' in 'field list'
[22-Oct-2025 01:23:09 UTC] Database connected: anglicankenya on localhost
[22-Oct-2025 01:23:10 UTC] Database connected: anglicankenya on localhost
[22-Oct-2025 01:23:11 UTC] Database connected: anglicankenya on localhost
[22-Oct-2025 01:23:29 UTC] Database connected: anglicankenya on localhost
[22-Oct-2025 01:23:48 UTC] Database connected: anglicankenya on localhost
[22-Oct-2025 01:23:59 UTC] Database connected: anglicankenya on localhost
[22-Oct-2025 01:24:09 UTC] Database connected: anglicankenya on localhost
[22-Oct-2025 01:24:17 UTC] Database connected: anglicankenya on localhost
[22-Oct-2025 01:24:20 UTC] Database connected: anglicankenya on localhost
[22-Oct-2025 01:24:37 UTC] Database connected: anglicankenya on localhost
[22-Oct-2025 01:24:46 UTC] Database connected: anglicankenya on localhost
[22-Oct-2025 01:24:46 UTC] Activity logging error: SQLSTATE[42S22]: Column not found: 1054 Unknown column 'action_type' in 'field list'
[22-Oct-2025 01:24:48 UTC] Database connected: anglicankenya on localhost
[22-Oct-2025 01:24:59 UTC] Database connected: anglicankenya on localhost
[22-Oct-2025 01:25:24 UTC] Database connected: anglicankenya on localhost
[22-Oct-2025 01:25:58 UTC] Database connected: anglicankenya on localhost
[22-Oct-2025 01:26:04 UTC] Database connected: anglicankenya on localhost
[22-Oct-2025 01:26:08 UTC] Database connected: anglicankenya on localhost
[22-Oct-2025 01:28:06 UTC] Database connected: anglicankenya on localhost
[22-Oct-2025 01:28:22 UTC] Database connected: anglicankenya on localhost
[22-Oct-2025 01:28:24 UTC] Database connected: anglicankenya on localhost
[22-Oct-2025 01:30:06 UTC] Database connected: anglicankenya on localhost
[22-Oct-2025 01:33:24 UTC] Database connected: anglicankenya on localhost
[22-Oct-2025 01:34:22 UTC] Database connected: anglicankenya on localhost
[22-Oct-2025 01:34:36 UTC] Database connected: anglicankenya on localhost
[22-Oct-2025 01:35:41 UTC] Database connected: anglicankenya on localhost
[22-Oct-2025 01:35:44 UTC] Database connected: anglicankenya on localhost
[22-Oct-2025 01:35:45 UTC] Database connected: anglicankenya on localhost
[22-Oct-2025 01:35:51 UTC] Database connected: anglicankenya on localhost
[22-Oct-2025 01:35:54 UTC] Database connected: anglicankenya on localhost
[22-Oct-2025 01:38:39 UTC] Database connected: anglicankenya on localhost
[22-Oct-2025 01:39:04 UTC] Database connected: anglicankenya on localhost
[22-Oct-2025 01:39:17 UTC] Database connected: anglicankenya on localhost
[22-Oct-2025 01:39:34 UTC] Database connected: anglicankenya on localhost
[22-Oct-2025 01:41:00 UTC] Database connected: anglicankenya on localhost
[22-Oct-2025 01:41:10 UTC] Database connected: anglicankenya on localhost
[22-Oct-2025 01:41:12 UTC] Database connected: anglicankenya on localhost
[22-Oct-2025 01:43:18 UTC] Database connected: anglicankenya on localhost
[22-Oct-2025 01:43:38 UTC] Database connected: anglicankenya on localhost
[22-Oct-2025 01:43:50 UTC] Database connected: anglicankenya on localhost
[22-Oct-2025 01:45:10 UTC] Database connected: anglicankenya on localhost
[22-Oct-2025 01:46:24 UTC] Database connected: anglicankenya on localhost
[22-Oct-2025 01:46:43 UTC] Database connected: anglicankenya on localhost
[22-Oct-2025 01:48:33 UTC] Database connected: anglicankenya on localhost
[22-Oct-2025 01:49:12 UTC] Database connected: anglicankenya on localhost
[22-Oct-2025 01:52:57 UTC] Database connected: anglicankenya on localhost
[22-Oct-2025 01:53:36 UTC] Database connected: anglicankenya on localhost
[22-Oct-2025 01:53:36 UTC] Activity logging error: SQLSTATE[42S22]: Column not found: 1054 Unknown column 'action_type' in 'field list'
[22-Oct-2025 02:23:25 UTC] Database connected: anglicankenya on localhost
[22-Oct-2025 02:23:39 UTC] Database connected: anglicankenya on localhost
[22-Oct-2025 02:23:39 UTC] Activity logging error: SQLSTATE[42S22]: Column not found: 1054 Unknown column 'action_type' in 'field list'
[22-Oct-2025 02:25:16 UTC] Database connected: anglicankenya on localhost
[22-Oct-2025 02:26:22 UTC] Database connected: anglicankenya on localhost
[22-Oct-2025 02:26:33 UTC] Database connected: anglicankenya on localhost
[22-Oct-2025 02:26:33 UTC] Activity logging error: SQLSTATE[42S22]: Column not found: 1054 Unknown column 'action_type' in 'field list'
[22-Oct-2025 02:34:52 UTC] Database connected: anglicankenya on localhost
[22-Oct-2025 02:35:20 UTC] Database connected: anglicankenya on localhost
[22-Oct-2025 02:35:21 UTC] Activity logging error: SQLSTATE[42S22]: Column not found: 1054 Unknown column 'action_type' in 'field list'
[22-Oct-2025 02:56:10 UTC] PHP Warning:  Constant DB_INCLUDED already defined in C:\wamp64\www\anglicankenya\db.php on line 10
[22-Oct-2025 02:56:10 UTC] Database connected: anglicankenya on localhost
[22-Oct-2025 02:56:26 UTC] PHP Warning:  Constant DB_INCLUDED already defined in C:\wamp64\www\anglicankenya\db.php on line 10
[22-Oct-2025 02:56:26 UTC] Database connected: anglicankenya on localhost
[22-Oct-2025 02:56:26 UTC] Activity logging error: SQLSTATE[42S22]: Column not found: 1054 Unknown column 'action_type' in 'field list'
[22-Oct-2025 23:20:14 UTC] Database connected: anglicankenya on localhost
[22-Oct-2025 23:20:31 UTC] Database connected: anglicankenya on localhost
[22-Oct-2025 23:20:31 UTC] Activity logging error: SQLSTATE[42S22]: Column not found: 1054 Unknown column 'action_type' in 'field list'
[22-Oct-2025 23:36:20 UTC] Database connected: anglicankenya on localhost
[22-Oct-2025 23:36:31 UTC] Database connected: anglicankenya on localhost
[22-Oct-2025 23:36:31 UTC] Activity logging error: SQLSTATE[42S22]: Column not found: 1054 Unknown column 'action_type' in 'field list'
[23-Oct-2025 00:15:29 UTC] Database connected: anglicankenya on localhost
[23-Oct-2025 00:15:46 UTC] Database connected: anglicankenya on localhost
[23-Oct-2025 00:15:46 UTC] Activity logging error: SQLSTATE[42S22]: Column not found: 1054 Unknown column 'action_type' in 'field list'
[23-Oct-2025 00:20:17 UTC] Database connected: anglicankenya on localhost
[23-Oct-2025 00:20:27 UTC] Database connected: anglicankenya on localhost
[23-Oct-2025 00:20:34 UTC] Database connected: anglicankenya on localhost
[23-Oct-2025 00:20:35 UTC] Activity logging error: SQLSTATE[42S22]: Column not found: 1054 Unknown column 'action_type' in 'field list'
[23-Oct-2025 14:19:33 UTC] Database connected: anglicankenya on localhost
[23-Oct-2025 14:19:39 UTC] Database connected: anglicankenya on localhost
[23-Oct-2025 14:19:40 UTC] Activity logging error: SQLSTATE[42S22]: Column not found: 1054 Unknown column 'action_type' in 'field list'
[23-Oct-2025 14:54:17 UTC] Database connected: anglicankenya on localhost
[23-Oct-2025 14:54:31 UTC] Database connected: anglicankenya on localhost
[23-Oct-2025 14:54:31 UTC] Activity logging error: SQLSTATE[42S22]: Column not found: 1054 Unknown column 'action_type' in 'field list'
[23-Oct-2025 16:12:50 UTC] Database connected: anglicankenya on localhost
[23-Oct-2025 16:12:58 UTC] Database connected: anglicankenya on localhost
[23-Oct-2025 16:12:58 UTC] Activity logging error: SQLSTATE[42S22]: Column not found: 1054 Unknown column 'action_type' in 'field list'
[23-Oct-2025 16:45:30 UTC] Database connected: anglicankenya on localhost
[23-Oct-2025 16:45:43 UTC] Database connected: anglicankenya on localhost
[23-Oct-2025 16:45:43 UTC] Activity logging error: SQLSTATE[42S22]: Column not found: 1054 Unknown column 'action_type' in 'field list'
[23-Oct-2025 17:03:41 UTC] Database connected: anglicankenya on localhost
[23-Oct-2025 17:03:49 UTC] Database connected: anglicankenya on localhost
[23-Oct-2025 17:03:49 UTC] Activity logging error: SQLSTATE[42S22]: Column not found: 1054 Unknown column 'action_type' in 'field list'
[23-Oct-2025 17:03:56 UTC] Database connected: anglicankenya on localhost
[23-Oct-2025 17:03:57 UTC] Activity logging error: SQLSTATE[42S22]: Column not found: 1054 Unknown column 'action_type' in 'field list'
[23-Oct-2025 18:45:54 UTC] Database connected: anglicankenya on localhost
[23-Oct-2025 18:46:01 UTC] Database connected: anglicankenya on localhost
[23-Oct-2025 18:46:01 UTC] Activity logging error: SQLSTATE[42S22]: Column not found: 1054 Unknown column 'action_type' in 'field list'
[23-Oct-2025 19:20:11 UTC] Database connected: anglicankenya on localhost
[23-Oct-2025 19:20:17 UTC] Database connected: anglicankenya on localhost
[23-Oct-2025 19:20:18 UTC] Activity logging error: SQLSTATE[42S22]: Column not found: 1054 Unknown column 'action_type' in 'field list'
[23-Oct-2025 19:52:26 UTC] Database connected: anglicankenya on localhost
[23-Oct-2025 19:52:32 UTC] Database connected: anglicankenya on localhost
[23-Oct-2025 19:52:32 UTC] Activity logging error: SQLSTATE[42S22]: Column not found: 1054 Unknown column 'action_type' in 'field list'
[23-Oct-2025 22:22:28 UTC] Database connected: anglicankenya on localhost
[23-Oct-2025 22:22:34 UTC] Database connected: anglicankenya on localhost
[23-Oct-2025 22:22:35 UTC] Activity logging error: SQLSTATE[42S22]: Column not found: 1054 Unknown column 'action_type' in 'field list'
[23-Oct-2025 22:22:40 UTC] Database connected: anglicankenya on localhost
[23-Oct-2025 22:22:40 UTC] Activity logging error: SQLSTATE[42S22]: Column not found: 1054 Unknown column 'action_type' in 'field list'
[23-Oct-2025 22:42:14 UTC] Database connected: anglicankenya on localhost
[23-Oct-2025 22:42:22 UTC] Database connected: anglicankenya on localhost
[23-Oct-2025 22:42:22 UTC] Activity logging error: SQLSTATE[42S22]: Column not found: 1054 Unknown column 'action_type' in 'field list'
[23-Oct-2025 22:42:31 UTC] Database connected: anglicankenya on localhost
[23-Oct-2025 22:42:31 UTC] Activity logging error: SQLSTATE[42S22]: Column not found: 1054 Unknown column 'action_type' in 'field list'
[23-Oct-2025 22:42:38 UTC] Database connected: anglicankenya on localhost
[23-Oct-2025 22:42:38 UTC] Activity logging error: SQLSTATE[42S22]: Column not found: 1054 Unknown column 'action_type' in 'field list'
[23-Oct-2025 23:03:22 UTC] Database connected: anglicankenya on localhost
[23-Oct-2025 23:04:06 UTC] Database connected: anglicankenya on localhost
[23-Oct-2025 23:04:11 UTC] Database connected: anglicankenya on localhost
[23-Oct-2025 23:04:11 UTC] Activity logging error: SQLSTATE[42S22]: Column not found: 1054 Unknown column 'action_type' in 'field list'
[23-Oct-2025 23:24:35 UTC] Database connected: anglicankenya on localhost
[23-Oct-2025 23:47:56 UTC] Database connected: anglicankenya on localhost
[23-Oct-2025 23:53:48 UTC] Database connected: anglicankenya on localhost
[24-Oct-2025 01:39:29 UTC] Database connected: anglicankenya on localhost
[24-Oct-2025 01:39:39 UTC] Database connected: anglicankenya on localhost
[24-Oct-2025 01:39:46 UTC] Database connected: anglicankenya on localhost
[24-Oct-2025 01:39:46 UTC] Activity logging error: SQLSTATE[42S22]: Column not found: 1054 Unknown column 'action_type' in 'field list'
