[2025-07-31 07:29:16] [ERROR] Fatal error in main update handler | Context: {"message":"Call to private method DebugLogger::filterSensitiveData() from global scope","file":"C:\\wamp64\\www\\emmanuelkaruri\\helpers\\debug_helper.php","line":254,"trace":"#0 C:\\wamp64\\www\\emmanuelkaruri\\user\\usection_update.php(34): debugLogRequest('INFO')\n#1 {main}"}
[2025-07-31 07:50:41] [ERROR] Exception occurred: SQLSTATE[42S02]: Base table or view not found: 1146 Table 'emmanuelkaruri.personal_info' doesn't exist | Context: {"message":"SQLSTATE[42S02]: Base table or view not found: 1146 Table 'emmanuelkaruri.personal_info' doesn't exist","file":"C:\\wamp64\\www\\emmanuelkaruri\\sections\\upersonal_section.php","line":70,"trace":"#0 C:\\wamp64\\www\\emmanuelkaruri\\sections\\upersonal_section.php(70): PDOStatement->execute(Array)\n#1 C:\\wamp64\\www\\emmanuelkaruri\\user\\usection_update.php(101): updatePersonalInfo(Object(PDO), '2', Array, Array)\n#2 {main}"}
[2025-07-31 07:53:53] [ERROR] Exception occurred: SQLSTATE[42S22]: Column not found: 1054 Unknown column 'updated_at' in 'field list' | Context: {"message":"SQLSTATE[42S22]: Column not found: 1054 Unknown column 'updated_at' in 'field list'","file":"C:\\wamp64\\www\\emmanuelkaruri\\sections\\upersonal_section.php","line":184,"trace":"#0 C:\\wamp64\\www\\emmanuelkaruri\\sections\\upersonal_section.php(184): PDOStatement->execute(Array)\n#1 C:\\wamp64\\www\\emmanuelkaruri\\sections\\upersonal_section.php(100): updateUsersTable(Object(PDO), '2', Array, NULL)\n#2 C:\\wamp64\\www\\emmanuelkaruri\\user\\usection_update.php(101): updatePersonalInfo(Object(PDO), '2', Array, Array)\n#3 {main}"}
[2025-07-31 18:58:29] [ERROR] File upload failed | Context: {"error":"Invalid file data provided","file_type":"certificate","user_id":"unknown"}
[2025-07-31 19:40:57] [ERROR] File upload failed | Context: {"error":"Invalid file data provided","file_type":"certificate","user_id":"unknown"}
[2025-07-31 19:43:45] [ERROR] File upload failed | Context: {"error":"Invalid file data provided","file_type":"certificate","user_id":"unknown"}
[2025-07-31 19:51:25] [ERROR] Inactive user attempted update | Context: {"user_id":2,"status":"approved"}
[2025-07-31 19:51:25] [ERROR] Exception in main update handler | Context: {"message":"User account is not active.","file":"C:\\wamp64\\www\\emmanuelkaruri\\user\\usection_update.php","line":134,"http_code":403,"trace":"#0 {main}"}
[2025-07-31 19:58:54] [ERROR] Inactive user attempted update | Context: {"user_id":2,"status":"approved"}
[2025-07-31 19:58:54] [ERROR] Exception in main update handler | Context: {"message":"User account is not active.","file":"C:\\wamp64\\www\\emmanuelkaruri\\user\\usection_update.php","line":144,"http_code":403,"trace":"#0 {main}"}
[2025-07-31 19:58:54] [ERROR] Inactive user attempted update | Context: {"user_id":2,"status":"approved"}
[2025-07-31 19:58:54] [ERROR] Exception in main update handler | Context: {"message":"User account is not active.","file":"C:\\wamp64\\www\\emmanuelkaruri\\user\\usection_update.php","line":144,"http_code":403,"trace":"#0 {main}"}
[2025-08-01 17:17:57] [ERROR] Inactive user attempted update | Context: {"user_id":2,"status":"approved"}
[2025-08-01 17:17:58] [ERROR] Exception in main update handler | Context: {"message":"User account is not active.","file":"C:\\wamp64\\www\\emmanuelkaruri\\user\\usection_update.php","line":144,"http_code":403,"trace":"#0 {main}"}
[2025-08-01 17:17:58] [ERROR] Inactive user attempted update | Context: {"user_id":2,"status":"approved"}
[2025-08-01 17:17:58] [ERROR] Exception in main update handler | Context: {"message":"User account is not active.","file":"C:\\wamp64\\www\\emmanuelkaruri\\user\\usection_update.php","line":144,"http_code":403,"trace":"#0 {main}"}
[2025-08-01 17:26:57] [ERROR] Inactive user attempted update | Context: {"user_id":2,"status":"approved"}
[2025-08-01 17:26:57] [ERROR] Exception in main update handler | Context: {"message":"User account is not active.","file":"C:\\wamp64\\www\\emmanuelkaruri\\user\\usection_update.php","line":144,"http_code":403,"trace":"#0 {main}"}
[2025-08-01 17:26:57] [ERROR] Inactive user attempted update | Context: {"user_id":2,"status":"approved"}
[2025-08-01 17:26:57] [ERROR] Exception in main update handler | Context: {"message":"User account is not active.","file":"C:\\wamp64\\www\\emmanuelkaruri\\user\\usection_update.php","line":144,"http_code":403,"trace":"#0 {main}"}
[2025-08-01 17:27:59] [ERROR] Invalid request method: GET
[2025-08-01 17:27:59] [ERROR] Exception in main update handler | Context: {"message":"Invalid request method. Only POST is allowed.","file":"C:\\wamp64\\www\\emmanuelkaruri\\user\\usection_update.php","line":59,"http_code":405,"trace":"#0 {main}"}
[2025-08-01 17:33:38] [ERROR] Inactive user attempted update | Context: {"user_id":2,"status":"approved"}
[2025-08-01 17:33:38] [ERROR] Exception in main update handler | Context: {"message":"User account is not active.","file":"C:\\wamp64\\www\\emmanuelkaruri\\user\\usection_update.php","line":172,"http_code":403,"trace":"#0 {main}"}
[2025-08-01 17:33:38] [ERROR] Inactive user attempted update | Context: {"user_id":2,"status":"approved"}
[2025-08-01 17:33:38] [ERROR] Exception in main update handler | Context: {"message":"User account is not active.","file":"C:\\wamp64\\www\\emmanuelkaruri\\user\\usection_update.php","line":172,"http_code":403,"trace":"#0 {main}"}
[2025-08-01 17:52:16] [ERROR] Inactive user attempted update | Context: {"user_id":2,"status":"approved"}
[2025-08-01 17:52:16] [ERROR] Exception in main update handler | Context: {"message":"User account is not active.","file":"C:\\wamp64\\www\\emmanuelkaruri\\user\\usection_update.php","line":144,"http_code":403,"trace":"#0 {main}"}
[2025-08-01 17:52:16] [ERROR] Inactive user attempted update | Context: {"user_id":2,"status":"approved"}
[2025-08-01 17:52:16] [ERROR] Exception in main update handler | Context: {"message":"User account is not active.","file":"C:\\wamp64\\www\\emmanuelkaruri\\user\\usection_update.php","line":144,"http_code":403,"trace":"#0 {main}"}
[2025-08-01 17:52:16] [ERROR] Inactive user attempted update | Context: {"user_id":2,"status":"approved"}
[2025-08-01 17:52:16] [ERROR] Exception in main update handler | Context: {"message":"User account is not active.","file":"C:\\wamp64\\www\\emmanuelkaruri\\user\\usection_update.php","line":144,"http_code":403,"trace":"#0 {main}"}
[2025-08-01 17:52:40] [ERROR] Inactive user attempted update | Context: {"user_id":2,"status":"approved"}
[2025-08-01 17:52:40] [ERROR] Exception in main update handler | Context: {"message":"User account is not active.","file":"C:\\wamp64\\www\\emmanuelkaruri\\user\\usection_update.php","line":134,"http_code":403,"trace":"#0 {main}"}
[2025-08-01 17:52:40] [ERROR] Inactive user attempted update | Context: {"user_id":2,"status":"approved"}
[2025-08-01 17:52:40] [ERROR] Exception in main update handler | Context: {"message":"User account is not active.","file":"C:\\wamp64\\www\\emmanuelkaruri\\user\\usection_update.php","line":134,"http_code":403,"trace":"#0 {main}"}
[2025-08-01 17:52:40] [ERROR] Inactive user attempted update | Context: {"user_id":2,"status":"approved"}
[2025-08-01 17:52:40] [ERROR] Exception in main update handler | Context: {"message":"User account is not active.","file":"C:\\wamp64\\www\\emmanuelkaruri\\user\\usection_update.php","line":134,"http_code":403,"trace":"#0 {main}"}
[2025-08-01 17:53:13] [ERROR] Inactive user attempted update | Context: {"user_id":2,"status":"approved"}
[2025-08-01 17:53:13] [ERROR] Exception in main update handler | Context: {"message":"User account is not active.","file":"C:\\wamp64\\www\\emmanuelkaruri\\user\\usection_update.php","line":134,"http_code":403,"trace":"#0 {main}"}
[2025-08-01 17:53:13] [ERROR] Inactive user attempted update | Context: {"user_id":2,"status":"approved"}
[2025-08-01 17:53:13] [ERROR] Exception in main update handler | Context: {"message":"User account is not active.","file":"C:\\wamp64\\www\\emmanuelkaruri\\user\\usection_update.php","line":134,"http_code":403,"trace":"#0 {main}"}
[2025-08-01 17:53:13] [ERROR] Inactive user attempted update | Context: {"user_id":2,"status":"approved"}
[2025-08-01 17:53:13] [ERROR] Exception in main update handler | Context: {"message":"User account is not active.","file":"C:\\wamp64\\www\\emmanuelkaruri\\user\\usection_update.php","line":134,"http_code":403,"trace":"#0 {main}"}
[2025-08-01 17:55:23] [ERROR] Inactive user attempted update | Context: {"user_id":2,"status":"approved"}
[2025-08-01 17:55:23] [ERROR] Exception in main update handler | Context: {"message":"User account is not active.","file":"C:\\wamp64\\www\\emmanuelkaruri\\user\\usection_update.php","line":134,"http_code":403,"trace":"#0 {main}"}
[2025-08-01 17:55:23] [ERROR] Inactive user attempted update | Context: {"user_id":2,"status":"approved"}
[2025-08-01 17:55:23] [ERROR] Exception in main update handler | Context: {"message":"User account is not active.","file":"C:\\wamp64\\www\\emmanuelkaruri\\user\\usection_update.php","line":134,"http_code":403,"trace":"#0 {main}"}
[2025-08-01 17:55:23] [ERROR] Inactive user attempted update | Context: {"user_id":2,"status":"approved"}
[2025-08-01 17:55:23] [ERROR] Exception in main update handler | Context: {"message":"User account is not active.","file":"C:\\wamp64\\www\\emmanuelkaruri\\user\\usection_update.php","line":134,"http_code":403,"trace":"#0 {main}"}
[2025-08-01 18:29:00] [ERROR] File upload failed | Context: {"error":"Invalid file data provided","file_type":"certificate","user_id":"unknown"}
[2025-08-01 18:29:00] [ERROR] File upload failed | Context: {"error":"Invalid file data provided","file_type":"certificate","user_id":"unknown"}
[2025-08-08 23:14:18] [ERROR] File upload failed | Context: {"error":"Image dimensions too large. Maximum: 5000x5000 pixels","file_type":"passport","user_id":"2"}
[2025-08-08 23:14:18] [ERROR] File upload failed | Context: {"error":"Image dimensions too large. Maximum: 5000x5000 pixels","file_type":"passport","user_id":"2"}
[2025-08-08 23:14:18] [ERROR] File upload failed | Context: {"error":"Image dimensions too large. Maximum: 5000x5000 pixels","file_type":"passport","user_id":"2"}
[2025-08-08 23:26:02] [ERROR] File upload failed | Context: {"error":"Image dimensions too large. Maximum: 5000x5000 pixels","file_type":"passport","user_id":"2"}
[2025-08-08 23:26:03] [ERROR] File upload failed | Context: {"error":"Image dimensions too large. Maximum: 5000x5000 pixels","file_type":"passport","user_id":"2"}
[2025-08-08 23:26:03] [ERROR] File upload failed | Context: {"error":"Image dimensions too large. Maximum: 5000x5000 pixels","file_type":"passport","user_id":"2"}
[2025-08-09 01:12:04] [ERROR] File upload failed | Context: {"error":"Invalid file data provided","file_type":"certificate","user_id":"unknown"}
[2025-08-09 01:12:04] [ERROR] File upload failed | Context: {"error":"Invalid file data provided","file_type":"certificate","user_id":"unknown"}
[2025-08-09 01:26:00] [ERROR] File upload failed | Context: {"error":"Invalid file data provided","file_type":"certificate","user_id":"unknown"}
[2025-08-09 01:26:00] [ERROR] File upload failed | Context: {"error":"Invalid file data provided","file_type":"certificate","user_id":"unknown"}
[2025-08-09 01:26:25] [ERROR] File upload failed | Context: {"error":"Invalid file data provided","file_type":"certificate","user_id":"unknown"}
[2025-08-09 01:26:25] [ERROR] File upload failed | Context: {"error":"Invalid file data provided","file_type":"certificate","user_id":"unknown"}
[2025-08-11 00:58:07] [ERROR] Church details update failed | Context: {"user_id":"2","error":"You cannot change your confirmation status from \"Yes\" back to \"No\". Please contact an administrator if this change is necessary.","trace":"#0 C:\\wamp64\\www\\emmanuelkaruri\\sections\\uchurch_section.php(36): processChurchBusinessLogic(Object(PDO), '2', Array)\n#1 C:\\wamp64\\www\\emmanuelkaruri\\user\\usection_update.php(111): updateChurchDetails(Object(PDO), '2', Array, Array)\n#2 {main}"}
[2025-08-11 00:58:07] [ERROR] Church details update failed | Context: {"user_id":"2","error":"You cannot change your confirmation status from \"Yes\" back to \"No\". Please contact an administrator if this change is necessary.","trace":"#0 C:\\wamp64\\www\\emmanuelkaruri\\sections\\uchurch_section.php(36): processChurchBusinessLogic(Object(PDO), '2', Array)\n#1 C:\\wamp64\\www\\emmanuelkaruri\\user\\usection_update.php(111): updateChurchDetails(Object(PDO), '2', Array, Array)\n#2 {main}"}
[2025-08-11 01:02:10] [ERROR] Church details update failed | Context: {"user_id":"2","error":"You cannot change your baptism status from \"Yes\" back to \"No\". Please contact an administrator if this change is necessary.","trace":"#0 C:\\wamp64\\www\\emmanuelkaruri\\sections\\uchurch_section.php(36): processChurchBusinessLogic(Object(PDO), '2', Array)\n#1 C:\\wamp64\\www\\emmanuelkaruri\\user\\usection_update.php(111): updateChurchDetails(Object(PDO), '2', Array, Array)\n#2 {main}"}
[2025-08-11 01:02:10] [ERROR] Church details update failed | Context: {"user_id":"2","error":"You cannot change your baptism status from \"Yes\" back to \"No\". Please contact an administrator if this change is necessary.","trace":"#0 C:\\wamp64\\www\\emmanuelkaruri\\sections\\uchurch_section.php(36): processChurchBusinessLogic(Object(PDO), '2', Array)\n#1 C:\\wamp64\\www\\emmanuelkaruri\\user\\usection_update.php(111): updateChurchDetails(Object(PDO), '2', Array, Array)\n#2 {main}"}
[2025-08-11 01:08:59] [ERROR] Church details update failed | Context: {"user_id":"2","error":"You cannot change your baptism status from \"Yes\" back to \"No\". Please contact an administrator if this change is necessary.","trace":"#0 C:\\wamp64\\www\\emmanuelkaruri\\sections\\uchurch_section.php(34): processChurchBusinessLogic(Object(PDO), '2', Array)\n#1 C:\\wamp64\\www\\emmanuelkaruri\\user\\usection_update.php(111): updateChurchDetails(Object(PDO), '2', Array, Array)\n#2 {main}"}
[2025-08-11 01:08:59] [ERROR] Church details update failed | Context: {"user_id":"2","error":"You cannot change your baptism status from \"Yes\" back to \"No\". Please contact an administrator if this change is necessary.","trace":"#0 C:\\wamp64\\www\\emmanuelkaruri\\sections\\uchurch_section.php(34): processChurchBusinessLogic(Object(PDO), '2', Array)\n#1 C:\\wamp64\\www\\emmanuelkaruri\\user\\usection_update.php(111): updateChurchDetails(Object(PDO), '2', Array, Array)\n#2 {main}"}
[2025-08-11 01:09:38] [ERROR] Church details update failed | Context: {"user_id":"2","error":"You cannot change your baptism status from \"Yes\" back to \"No\". Please contact an administrator if this change is necessary.","trace":"#0 C:\\wamp64\\www\\emmanuelkaruri\\sections\\uchurch_section.php(34): processChurchBusinessLogic(Object(PDO), '2', Array)\n#1 C:\\wamp64\\www\\emmanuelkaruri\\user\\usection_update.php(111): updateChurchDetails(Object(PDO), '2', Array, Array)\n#2 {main}"}
[2025-08-11 01:09:38] [ERROR] Church details update failed | Context: {"user_id":"2","error":"You cannot change your baptism status from \"Yes\" back to \"No\". Please contact an administrator if this change is necessary.","trace":"#0 C:\\wamp64\\www\\emmanuelkaruri\\sections\\uchurch_section.php(34): processChurchBusinessLogic(Object(PDO), '2', Array)\n#1 C:\\wamp64\\www\\emmanuelkaruri\\user\\usection_update.php(111): updateChurchDetails(Object(PDO), '2', Array, Array)\n#2 {main}"}
[2025-08-15 01:27:30] [ERROR] Invalid or missing employment ID | Context: {"provided_employment_id":"0"}
[2025-08-15 01:27:30] [ERROR] Exception in employment delete handler | Context: {"message":"Valid Employment ID is required.","file":"C:\\wamp64\\www\\emmanuelkaruri\\sections\\delete_employment.php","line":51,"trace":"#0 {main}"}
[2025-08-15 01:41:50] [ERROR] Invalid or missing employment ID | Context: {"provided_employment_id":"0"}
[2025-08-15 01:41:50] [ERROR] Exception in employment delete handler | Context: {"message":"Valid Employment ID is required.","file":"C:\\wamp64\\www\\emmanuelkaruri\\sections\\delete_employment.php","line":51,"trace":"#0 {main}"}
[2025-08-15 01:41:55] [ERROR] Invalid or missing employment ID | Context: {"provided_employment_id":"0"}
[2025-08-15 01:41:55] [ERROR] Exception in employment delete handler | Context: {"message":"Valid Employment ID is required.","file":"C:\\wamp64\\www\\emmanuelkaruri\\sections\\delete_employment.php","line":51,"trace":"#0 {main}"}
[2025-08-15 02:46:36] [ERROR] updateClergyDetails function not found
[2025-08-15 02:46:36] [ERROR] Exception in main update handler | Context: {"message":"Clergy section handler not available.","file":"C:\\wamp64\\www\\emmanuelkaruri\\user\\usection_update.php","line":135,"trace":"#0 {main}"}
[2025-08-15 02:46:36] [ERROR] updateClergyDetails function not found
[2025-08-15 02:46:36] [ERROR] Exception in main update handler | Context: {"message":"Clergy section handler not available.","file":"C:\\wamp64\\www\\emmanuelkaruri\\user\\usection_update.php","line":135,"trace":"#0 {main}"}
[2025-08-15 02:50:55] [ERROR] updateClergyDetails function not found
[2025-08-15 02:50:55] [ERROR] Exception in main update handler | Context: {"message":"Clergy section handler not available.","file":"C:\\wamp64\\www\\emmanuelkaruri\\user\\usection_update.php","line":135,"trace":"#0 {main}"}
[2025-08-15 02:50:55] [ERROR] updateClergyDetails function not found
[2025-08-15 02:50:55] [ERROR] Exception in main update handler | Context: {"message":"Clergy section handler not available.","file":"C:\\wamp64\\www\\emmanuelkaruri\\user\\usection_update.php","line":135,"trace":"#0 {main}"}
[2025-08-15 02:55:22] [ERROR] Database error in updateClergyDetails | Context: {"user_id":"2","error":"SQLSTATE[42S02]: Base table or view not found: 1146 Table 'emmanuelkaruri.clergy_roles' doesn't exist","code":"42S02"}
[2025-08-15 02:55:22] [ERROR] Database error in updateClergyDetails | Context: {"user_id":"2","error":"SQLSTATE[42S02]: Base table or view not found: 1146 Table 'emmanuelkaruri.clergy_roles' doesn't exist","code":"42S02"}
[2025-08-15 02:56:30] [ERROR] Database error in updateClergyDetails | Context: {"user_id":"2","error":"SQLSTATE[42S02]: Base table or view not found: 1146 Table 'emmanuelkaruri.clergy_roles' doesn't exist","code":"42S02"}
[2025-08-15 02:56:30] [ERROR] Database error in updateClergyDetails | Context: {"user_id":"2","error":"SQLSTATE[42S02]: Base table or view not found: 1146 Table 'emmanuelkaruri.clergy_roles' doesn't exist","code":"42S02"}
[2025-08-15 03:21:42] [ERROR] Database error in updateClergyDetails | Context: {"user_id":"2","error":"SQLSTATE[42S02]: Base table or view not found: 1146 Table 'emmanuelkaruri.clergy_roles' doesn't exist","code":"42S02"}
[2025-08-15 03:21:42] [ERROR] Database error in updateClergyDetails | Context: {"user_id":"2","error":"SQLSTATE[42S02]: Base table or view not found: 1146 Table 'emmanuelkaruri.clergy_roles' doesn't exist","code":"42S02"}
[2025-08-15 03:25:21] [ERROR] Database error in updateClergyDetails | Context: {"user_id":"2","error":"SQLSTATE[42S02]: Base table or view not found: 1146 Table 'emmanuelkaruri.clergy_roles' doesn't exist","code":"42S02"}
[2025-08-15 03:25:21] [ERROR] Database error in updateClergyDetails | Context: {"user_id":"2","error":"SQLSTATE[42S02]: Base table or view not found: 1146 Table 'emmanuelkaruri.clergy_roles' doesn't exist","code":"42S02"}
[2025-08-15 15:58:06] [ERROR] Database error in updateClergyDetails | Context: {"user_id":"2","error":"SQLSTATE[42S02]: Base table or view not found: 1146 Table 'emmanuelkaruri.clergy_roles' doesn't exist","code":"42S02"}
[2025-08-15 15:58:06] [ERROR] Database error in updateClergyDetails | Context: {"user_id":"2","error":"SQLSTATE[42S02]: Base table or view not found: 1146 Table 'emmanuelkaruri.clergy_roles' doesn't exist","code":"42S02"}
[2025-08-23 08:33:35] [ERROR] Database error in updateClergyDetails | Context: {"user_id":"2","error":"SQLSTATE[42S02]: Base table or view not found: 1146 Table 'emmanuelkaruri.clergy' doesn't exist","code":"42S02"}
[2025-08-23 08:33:35] [ERROR] Database error in updateClergyDetails | Context: {"user_id":"2","error":"SQLSTATE[42S02]: Base table or view not found: 1146 Table 'emmanuelkaruri.clergy' doesn't exist","code":"42S02"}
[2025-08-23 08:39:03] [ERROR] Database error in updateClergyDetails | Context: {"user_id":"2","error":"SQLSTATE[42S02]: Base table or view not found: 1146 Table 'emmanuelkaruri.clergy' doesn't exist","code":"42S02"}
[2025-08-23 08:39:03] [ERROR] Database error in updateClergyDetails | Context: {"user_id":"2","error":"SQLSTATE[42S02]: Base table or view not found: 1146 Table 'emmanuelkaruri.clergy' doesn't exist","code":"42S02"}
[2025-09-13 06:34:06] [ERROR] Invalid section type provided | Context: {"section_type":"family"}
[2025-09-13 06:34:06] [ERROR] Exception in main update handler | Context: {"message":"Invalid section type: 'family'. Allowed types: personal, church, employment, clergy, ministry, leadership","file":"C:\\wamp64\\www\\emmanuelkaruri\\user\\usection_update.php","line":160,"trace":"#0 {main}"}
[2025-09-13 06:34:06] [ERROR] Invalid section type provided | Context: {"section_type":"family"}
[2025-09-13 06:34:06] [ERROR] Exception in main update handler | Context: {"message":"Invalid section type: 'family'. Allowed types: personal, church, employment, clergy, ministry, leadership","file":"C:\\wamp64\\www\\emmanuelkaruri\\user\\usection_update.php","line":160,"trace":"#0 {main}"}
[2025-09-13 06:34:06] [ERROR] Invalid section type provided | Context: {"section_type":"family"}
[2025-09-13 06:34:06] [ERROR] Exception in main update handler | Context: {"message":"Invalid section type: 'family'. Allowed types: personal, church, employment, clergy, ministry, leadership","file":"C:\\wamp64\\www\\emmanuelkaruri\\user\\usection_update.php","line":160,"trace":"#0 {main}"}
