[2025-07-31 07:50:41] [WARNING] Update failed | Context: {"section":"personal","user_id":"2","message":"Error updating personal information: SQLSTATE[42S02]: Base table or view not found: 1146 Table 'emmanuelkaruri.personal_info' doesn't exist"}
[2025-07-31 07:53:53] [WARNING] Update failed | Context: {"section":"personal","user_id":"2","message":"Error updating personal information: SQLSTATE[42S22]: Column not found: 1054 Unknown column 'updated_at' in 'field list'"}
[2025-07-31 18:58:29] [WARNING] Update failed | Context: {"section":"church","user_id":"2","message":"Error updating church details: Invalid file data provided"}
[2025-07-31 19:40:57] [WARNING] Update failed | Context: {"section":"church","user_id":"2","message":"Error updating church details: Invalid file data provided"}
[2025-07-31 19:43:45] [WARNING] Update failed | Context: {"section":"church","user_id":"2","message":"Error updating church details: Invalid file data provided"}
[2025-08-01 17:56:19] [WARNING] Passport upload failed | Context: {"error":"File is too large (exceeds server limit)"}
[2025-08-01 17:56:19] [WARNING] Passport upload failed | Context: {"error":"File is too large (exceeds server limit)"}
[2025-08-01 17:56:19] [WARNING] Passport upload failed | Context: {"error":"File is too large (exceeds server limit)"}
[2025-08-01 17:56:57] [WARNING] Update failed | Context: {"section":"church","user_id":"2","message":"Error updating church details: Invalid service selection provided"}
[2025-08-01 17:56:57] [WARNING] Update failed | Context: {"section":"church","user_id":"2","message":"Error updating church details: Invalid service selection provided"}
[2025-08-01 18:29:00] [WARNING] Update failed | Context: {"section":"church","user_id":"2","message":"Error updating church details: Invalid file data provided"}
[2025-08-01 18:29:00] [WARNING] Update failed | Context: {"section":"church","user_id":"2","message":"Error updating church details: Invalid file data provided"}
[2025-08-08 23:14:18] [WARNING] Passport upload failed | Context: {"error":"Image dimensions too large. Maximum: 5000x5000 pixels"}
[2025-08-08 23:14:18] [WARNING] Passport upload failed | Context: {"error":"Image dimensions too large. Maximum: 5000x5000 pixels"}
[2025-08-08 23:14:18] [WARNING] Passport upload failed | Context: {"error":"Image dimensions too large. Maximum: 5000x5000 pixels"}
[2025-08-08 23:26:02] [WARNING] Passport upload failed | Context: {"error":"Image dimensions too large. Maximum: 5000x5000 pixels"}
[2025-08-08 23:26:03] [WARNING] Passport upload failed | Context: {"error":"Image dimensions too large. Maximum: 5000x5000 pixels"}
[2025-08-08 23:26:03] [WARNING] Passport upload failed | Context: {"error":"Image dimensions too large. Maximum: 5000x5000 pixels"}
[2025-08-09 01:12:04] [WARNING] Update failed | Context: {"section":"church","user_id":"2","message":"Error updating church details: Invalid file data provided"}
[2025-08-09 01:12:04] [WARNING] Update failed | Context: {"section":"church","user_id":"2","message":"Error updating church details: Invalid file data provided"}
[2025-08-09 01:26:00] [WARNING] Update failed | Context: {"section":"church","user_id":"2","message":"Error updating church details: Invalid file data provided"}
[2025-08-09 01:26:00] [WARNING] Update failed | Context: {"section":"church","user_id":"2","message":"Error updating church details: Invalid file data provided"}
[2025-08-09 01:26:25] [WARNING] Update failed | Context: {"section":"church","user_id":"2","message":"Error updating church details: Invalid file data provided"}
[2025-08-09 01:26:25] [WARNING] Update failed | Context: {"section":"church","user_id":"2","message":"Error updating church details: Invalid file data provided"}
[2025-08-09 01:32:42] [WARNING] Update failed | Context: {"section":"church","user_id":"2","message":"Error updating church details: No user found with the specified ID or no changes made"}
[2025-08-11 00:58:07] [WARNING] Update failed | Context: {"section":"church","user_id":"2","message":"Error updating church details: You cannot change your confirmation status from \"Yes\" back to \"No\". Please contact an administrator if this change is necessary."}
[2025-08-11 00:58:07] [WARNING] Update failed | Context: {"section":"church","user_id":"2","message":"Error updating church details: You cannot change your confirmation status from \"Yes\" back to \"No\". Please contact an administrator if this change is necessary."}
[2025-08-11 01:02:10] [WARNING] Update failed | Context: {"section":"church","user_id":"2","message":"Error updating church details: You cannot change your baptism status from \"Yes\" back to \"No\". Please contact an administrator if this change is necessary."}
[2025-08-11 01:02:10] [WARNING] Update failed | Context: {"section":"church","user_id":"2","message":"Error updating church details: You cannot change your baptism status from \"Yes\" back to \"No\". Please contact an administrator if this change is necessary."}
[2025-08-11 01:08:59] [WARNING] Update failed | Context: {"section":"church","user_id":"2","message":"Error updating church details: You cannot change your baptism status from \"Yes\" back to \"No\". Please contact an administrator if this change is necessary."}
[2025-08-11 01:08:59] [WARNING] Update failed | Context: {"section":"church","user_id":"2","message":"Error updating church details: You cannot change your baptism status from \"Yes\" back to \"No\". Please contact an administrator if this change is necessary."}
[2025-08-11 01:09:38] [WARNING] Update failed | Context: {"section":"church","user_id":"2","message":"Error updating church details: You cannot change your baptism status from \"Yes\" back to \"No\". Please contact an administrator if this change is necessary."}
[2025-08-11 01:09:38] [WARNING] Update failed | Context: {"section":"church","user_id":"2","message":"Error updating church details: You cannot change your baptism status from \"Yes\" back to \"No\". Please contact an administrator if this change is necessary."}
[2025-08-14 20:49:32] [WARNING] Employment validation failed | Context: {"errors":["At least one occupation field is required"]}
[2025-08-14 20:49:32] [WARNING] Update failed | Context: {"section":"employment","user_id":"2","message":"Validation failed: At least one occupation field is required"}
[2025-08-14 20:49:32] [WARNING] Employment validation failed | Context: {"errors":["At least one occupation field is required"]}
[2025-08-14 20:49:32] [WARNING] Update failed | Context: {"section":"employment","user_id":"2","message":"Validation failed: At least one occupation field is required"}
[2025-08-14 20:50:09] [WARNING] Employment validation failed | Context: {"errors":["At least one occupation field is required"]}
[2025-08-14 20:50:09] [WARNING] Update failed | Context: {"section":"employment","user_id":"2","message":"Validation failed: At least one occupation field is required"}
[2025-08-14 20:50:09] [WARNING] Employment validation failed | Context: {"errors":["At least one occupation field is required"]}
[2025-08-14 20:50:09] [WARNING] Update failed | Context: {"section":"employment","user_id":"2","message":"Validation failed: At least one occupation field is required"}
[2025-08-15 02:55:22] [WARNING] Update failed | Context: {"section":"clergy","user_id":"2","message":"Database error occurred. Please try again."}
[2025-08-15 02:55:22] [WARNING] Update failed | Context: {"section":"clergy","user_id":"2","message":"Database error occurred. Please try again."}
[2025-08-15 02:56:30] [WARNING] Update failed | Context: {"section":"clergy","user_id":"2","message":"Database error occurred. Please try again."}
[2025-08-15 02:56:30] [WARNING] Update failed | Context: {"section":"clergy","user_id":"2","message":"Database error occurred. Please try again."}
[2025-08-15 03:21:42] [WARNING] Update failed | Context: {"section":"clergy","user_id":"2","message":"Database error occurred. Please try again."}
[2025-08-15 03:21:42] [WARNING] Update failed | Context: {"section":"clergy","user_id":"2","message":"Database error occurred. Please try again."}
[2025-08-15 03:25:21] [WARNING] Update failed | Context: {"section":"clergy","user_id":"2","message":"Database error occurred. Please try again."}
[2025-08-15 03:25:21] [WARNING] Update failed | Context: {"section":"clergy","user_id":"2","message":"Database error occurred. Please try again."}
[2025-08-15 15:05:57] [WARNING] Update failed | Context: {"section":"clergy","user_id":"2","message":"Please enter the service end date or mark as current."}
[2025-08-15 15:05:57] [WARNING] Update failed | Context: {"section":"clergy","user_id":"2","message":"Please enter the service end date or mark as current."}
[2025-08-15 15:10:02] [WARNING] Update failed | Context: {"section":"clergy","user_id":"2","message":"Please enter the service end date or mark as current."}
[2025-08-15 15:10:02] [WARNING] Update failed | Context: {"section":"clergy","user_id":"2","message":"Please enter the service end date or mark as current."}
[2025-08-15 15:18:08] [WARNING] Update failed | Context: {"section":"clergy","user_id":"2","message":"Please enter the service end date or mark as current."}
[2025-08-15 15:18:08] [WARNING] Update failed | Context: {"section":"clergy","user_id":"2","message":"Please enter the service end date or mark as current."}
[2025-08-15 15:18:29] [WARNING] Update failed | Context: {"section":"clergy","user_id":"2","message":"Please enter the service end date or mark as current."}
[2025-08-15 15:18:29] [WARNING] Update failed | Context: {"section":"clergy","user_id":"2","message":"Please enter the service end date or mark as current."}
[2025-08-15 15:24:31] [WARNING] Update failed | Context: {"section":"clergy","user_id":"2","message":"Please enter the service end date or mark as current."}
[2025-08-15 15:24:31] [WARNING] Update failed | Context: {"section":"clergy","user_id":"2","message":"Please enter the service end date or mark as current."}
[2025-08-15 15:29:49] [WARNING] Update failed | Context: {"section":"clergy","user_id":"2","message":"Please enter the service end date or mark as current."}
[2025-08-15 15:29:49] [WARNING] Update failed | Context: {"section":"clergy","user_id":"2","message":"Please enter the service end date or mark as current."}
[2025-08-15 15:46:02] [WARNING] Update failed | Context: {"section":"clergy","user_id":"2","message":"Please enter the service end date or mark as current."}
[2025-08-15 15:46:02] [WARNING] Update failed | Context: {"section":"clergy","user_id":"2","message":"Please enter the service end date or mark as current."}
[2025-08-15 15:47:57] [WARNING] Update failed | Context: {"section":"clergy","user_id":"2","message":"Please enter the service end date or mark as current."}
[2025-08-15 15:47:57] [WARNING] Update failed | Context: {"section":"clergy","user_id":"2","message":"Please enter the service end date or mark as current."}
[2025-08-15 15:58:06] [WARNING] Update failed | Context: {"section":"clergy","user_id":"2","message":"Database error occurred. Please try again."}
[2025-08-15 15:58:06] [WARNING] Update failed | Context: {"section":"clergy","user_id":"2","message":"Database error occurred. Please try again."}
[2025-08-15 16:37:19] [WARNING] Update failed | Context: {"section":"clergy","user_id":"2","message":"Invalid clergy role selected."}
[2025-08-15 16:37:19] [WARNING] Update failed | Context: {"section":"clergy","user_id":"2","message":"Invalid clergy role selected."}
[2025-08-15 16:38:43] [WARNING] Update failed | Context: {"section":"clergy","user_id":"2","message":"Invalid clergy role selected."}
[2025-08-15 16:38:43] [WARNING] Update failed | Context: {"section":"clergy","user_id":"2","message":"Invalid clergy role selected."}
[2025-08-15 19:46:20] [WARNING] Update failed | Context: {"section":"clergy","user_id":"2","message":"Invalid clergy role selected."}
[2025-08-15 19:46:20] [WARNING] Update failed | Context: {"section":"clergy","user_id":"2","message":"Invalid clergy role selected."}
[2025-08-15 19:46:42] [WARNING] Update failed | Context: {"section":"clergy","user_id":"2","message":"Invalid clergy role selected."}
[2025-08-15 19:46:42] [WARNING] Update failed | Context: {"section":"clergy","user_id":"2","message":"Invalid clergy role selected."}
[2025-08-23 07:50:19] [WARNING] Update failed | Context: {"section":"clergy","user_id":"2","message":"Invalid clergy role selected."}
[2025-08-23 07:50:19] [WARNING] Update failed | Context: {"section":"clergy","user_id":"2","message":"Invalid clergy role selected."}
[2025-08-23 08:03:31] [WARNING] Update failed | Context: {"section":"clergy","user_id":"2","message":"Invalid clergy role selected."}
[2025-08-23 08:03:31] [WARNING] Update failed | Context: {"section":"clergy","user_id":"2","message":"Invalid clergy role selected."}
[2025-08-23 08:21:43] [WARNING] Update failed | Context: {"section":"clergy","user_id":"2","message":"Please enter the service end date or mark as current."}
[2025-08-23 08:21:43] [WARNING] Update failed | Context: {"section":"clergy","user_id":"2","message":"Please enter the service end date or mark as current."}
[2025-08-23 08:24:53] [WARNING] Update failed | Context: {"section":"clergy","user_id":"2","message":"Invalid service start year format."}
[2025-08-23 08:24:53] [WARNING] Update failed | Context: {"section":"clergy","user_id":"2","message":"Invalid service start year format."}
[2025-08-23 08:33:35] [WARNING] Update failed | Context: {"section":"clergy","user_id":"2","message":"Database error occurred. Please try again."}
[2025-08-23 08:33:35] [WARNING] Update failed | Context: {"section":"clergy","user_id":"2","message":"Database error occurred. Please try again."}
[2025-08-23 08:39:03] [WARNING] Update failed | Context: {"section":"clergy","user_id":"2","message":"Database error occurred. Please try again."}
[2025-08-23 08:39:03] [WARNING] Update failed | Context: {"section":"clergy","user_id":"2","message":"Database error occurred. Please try again."}
[2025-08-23 11:35:25] [WARNING] Update failed | Context: {"section":"clergy","user_id":"2","message":"Please enter the service start date."}
[2025-08-23 11:35:25] [WARNING] Update failed | Context: {"section":"clergy","user_id":"2","message":"Please enter the service start date."}
[2025-09-13 07:30:39] [WARNING] Update failed | Context: {"section":"family","user_id":"2","message":"Invalid action specified: add_minor_family"}
[2025-09-13 07:30:39] [WARNING] Update failed | Context: {"section":"family","user_id":"2","message":"Invalid action specified: add_minor_family"}
[2025-09-13 07:30:40] [WARNING] Update failed | Context: {"section":"family","user_id":"2","message":"Invalid action specified: add_minor_family"}
[2025-09-13 08:40:28] [WARNING] Update failed | Context: {"section":"family","user_id":"2","message":"Invalid action specified: add_minor_family"}
[2025-09-13 08:40:28] [WARNING] Update failed | Context: {"section":"family","user_id":"2","message":"Invalid action specified: add_minor_family"}
[2025-09-13 08:40:28] [WARNING] Update failed | Context: {"section":"family","user_id":"2","message":"Invalid action specified: add_minor_family"}
